--- Job run_remix.gms Start 10/05/23 14:09:10 40.4.0 d540b52e WEX-WEI x86 64bit/MS Windows
--- Applying:
    C:\GAMS\40\gmsprmNT.txt
    \\file\Usersr$\rca139\Home\My Documents\GAMS\gamsconfig.yaml
--- GAMS Parameters defined
    Input C:\Local\REMix\framework\remix\framework\model\run_remix.gms
    ScrDir c:\Local\REMix\remix_nz\process\225b\
    SysDir C:\GAMS\40\
    LogOption 4
    Keep 0
    --datadir C:\Local\REMix\remix_nz\output\high_pop_out_base_2050\data
    --resultdir C:\Local\REMix\remix_nz\output\high_pop_out_base_2050\result
    --scendir ./
    --resultfile high_pop_out_base_2050re
    --names 1
    --postcalc 1
    --roundts 1
    --sourcedir C:\Local\REMix\framework\remix\framework\model\source
Licensee: Medium MUD - 10 User License                   S220920|0002AO-GEN
          University of Canterbury, Civil Engineering Department    DC16319
          C:\GAMS\40\gamslice.txt
          License Admin: Olive Dalton, olive.dalton@canterbury.ac.nz       
Processor information: 1 socket(s), 6 core(s), and 12 thread(s) available
GAMS 40.4.0   Copyright (C) 1987-2022 GAMS Development. All rights reserved
--- Starting compilation
--- run_remix.gms(15) 2 Mb
### Metadata ###
Using REMix version 0.9.2
Using GAMS version 40.4.0
Using data directory C:\Local\REMix\remix_nz\output\high_pop_out_base_2050\data and scenario directory ./
Using framework path C:\Local\REMix\framework\remix\framework\model\source
Using project path C:\Local\REMix\remix_nz\output\high_pop_out_base_2050\data./
--- . metadata.gms(8) 2 Mb
--- call printf "remix_version \"0.9.2\"\n" > c:\Local\REMix\remix_nz\process\225b\\metadata
--- . metadata.gms(9) 2 Mb
--- call printf "gams_version \"40.4.0\"\n" >> c:\Local\REMix\remix_nz\process\225b\\metadata
--- . metadata.gms(10) 2 Mb
--- call printf "timestamp \"10/05/23 14:09:10\"\n" >> c:\Local\REMix\remix_nz\process\225b\\metadata
--- . metadata.gms(12) 2 Mb
--- call printf "framework_path " >> c:\Local\REMix\remix_nz\process\225b\\metadata
--- . metadata.gms(14) 2 Mb
--- call cd C:\Local\REMix\framework\remix\framework\model\source && cd| sed "s/^/\"/;s/$/\"/" >> c:\Local\REMix\remix_nz\process\225b\\metadata
--- . metadata.gms(18) 2 Mb
--- call printf "\n" >> c:\Local\REMix\remix_nz\process\225b\\metadata
--- . metadata.gms(19) 2 Mb
--- call printf "framework_hash " >> c:\Local\REMix\remix_nz\process\225b\\metadata
--- . metadata.gms(21) 2 Mb
--- call cd C:\Local\REMix\framework\remix\framework\model\source && git rev-parse HEAD >nul 2>&1 && git rev-parse HEAD >> c:\Local\REMix\remix_nz\process\225b\\metadata
--- . metadata.gms(25) 2 Mb
--- call printf "\n" >> c:\Local\REMix\remix_nz\process\225b\\metadata
--- . metadata.gms(26) 2 Mb
--- call printf "framework_branch " >> c:\Local\REMix\remix_nz\process\225b\\metadata
--- . metadata.gms(28) 2 Mb
--- call cd C:\Local\REMix\framework\remix\framework\model\source && git rev-parse --abbrev-ref HEAD >nul 2>&1 && git rev-parse --abbrev-ref HEAD | sed "s/^/\"/;s/$/\"/" >> c:\Local\REMix\remix_nz\process\225b\\metadata
--- . metadata.gms(32) 2 Mb
--- call printf "\n" >> c:\Local\REMix\remix_nz\process\225b\\metadata
--- . metadata.gms(34) 2 Mb
--- call printf "project_path " >> c:\Local\REMix\remix_nz\process\225b\\metadata
--- . metadata.gms(36) 2 Mb
--- call cd C:\Local\REMix\remix_nz\output\high_pop_out_base_2050\data\./ && cd| sed "s/^/\"/;s/$/\"/" >> c:\Local\REMix\remix_nz\process\225b\\metadata
--- . metadata.gms(40) 2 Mb
--- call printf "\n" >> c:\Local\REMix\remix_nz\process\225b\\metadata
--- . metadata.gms(41) 2 Mb
--- call printf "project_hash " >> c:\Local\REMix\remix_nz\process\225b\\metadata
--- . metadata.gms(43) 2 Mb
--- call cd C:\Local\REMix\remix_nz\output\high_pop_out_base_2050\data\./ && git rev-parse HEAD >nul 2>&1 && git rev-parse HEAD | sed "s/^/\"/;s/$/\"/" >> c:\Local\REMix\remix_nz\process\225b\\metadata
--- . metadata.gms(47) 2 Mb
--- call printf "\n" >> c:\Local\REMix\remix_nz\process\225b\\metadata
--- . metadata.gms(48) 2 Mb
--- call printf "project_branch " >> c:\Local\REMix\remix_nz\process\225b\\metadata
--- . metadata.gms(50) 2 Mb
--- call cd C:\Local\REMix\remix_nz\output\high_pop_out_base_2050\data\./ && git rev-parse --abbrev-ref HEAD >nul 2>&1 && git rev-parse --abbrev-ref HEAD | sed "s/^/\"/;s/$/\"/" >> c:\Local\REMix\remix_nz\process\225b\\metadata
--- . metadata.gms(54) 2 Mb
--- call printf "\n" >> c:\Local\REMix\remix_nz\process\225b\\metadata
--- . metadata.gms(57) 2 Mb
--- .. metadata(15) 3 Mb
--- . metadata.gms(58) 3 Mb
--- run_remix.gms(16) 3 Mb
--- . data_inheritance.gms(31) 3 Mb
--- Initialize embedded library embpycclib64.dll
--- Execute embedded library embpycclib64.dll
--- . data_inheritance.gms(36) 3 Mb
--- run_remix.gms(25) 3 Mb
--- . remix.gms(21) 3 Mb
--- .. sets.gms(97) 6 Mb
--- ... set_nodesmodel.csv(11) 6 Mb
--- .. sets.gms(106) 6 Mb
--- ... set_nodesdata.csv(11) 6 Mb
--- .. sets.gms(114) 6 Mb
--- ... set_nodesmodelsel.csv(11) 6 Mb
--- .. sets.gms(131) 6 Mb
--- ... map_aggregatenodesmodel.csv(11) 6 Mb
--- .. sets.gms(159) 6 Mb
--- ... set_years.csv(7) 6 Mb
--- .. sets.gms(170) 6 Mb
--- ... set_years.csv(7) 6 Mb
--- .. sets.gms(178) 6 Mb
--- ... set_yearssel.csv(1) 6 Mb
--- .. sets.gms(198) 6 Mb
--- ... set_activities.csv(4) 6 Mb
"No set elements for grid segments included."
--- .. sets.gms(218) 6 Mb
--- ... set_linksdata.csv(12) 6 Mb
--- .. sets.gms(238) 6 Mb
--- ... set_link_types.csv(2) 6 Mb
--- .. sets.gms(249) 6 Mb
--- ... set_commodities.csv(3) 6 Mb
--- .. sets.gms(260) 6 Mb
--- ... set_indicators.csv(6) 6 Mb
--- .. sets.gms(271) 6 Mb
--- ... set_converter_techs.csv(7) 6 Mb
--- .. sets.gms(274) 6 Mb
--- ... set_storage_techs.csv(1) 6 Mb
--- .. sets.gms(277) 6 Mb
--- ... set_transfer_techs.csv(1) 6 Mb
--- .. sets.gms(280) 6 Mb
--- ... set_sourcesink_techs.csv(2) 6 Mb
--- .. sets.gms(285) 6 Mb
--- ... set_converter_techs.csv(7) 6 Mb
--- .. sets.gms(290) 6 Mb
--- ... set_storage_techs.csv(1) 6 Mb
--- .. sets.gms(296) 6 Mb
--- ... set_transfer_techs.csv(1) 6 Mb
--- .. sets.gms(301) 6 Mb
--- ... set_sourcesink_techs.csv(2) 6 Mb
"No set elements for storage degradation states included."
"No set elements for SoC included."
--- .. sets.gms(341) 6 Mb
--- ... transfer_linkstartend.csv(25) 6 Mb
--- .. sets.gms(357) 6 Mb
--- ... aggregateNodes.gms(10) 6 Mb
"No set elements for accounting nodes included."
"No set elements for nodesData to nodesAcc mapping included."
--- .. sets.gms(586) 6 Mb
--- . remix.gms(22) 6 Mb
--- .. input.gms(32) 6 Mb
--- ... accounting_converterunits.csv(57) 6 Mb
"No accounting for converter activities included"
"No accounting for converter startups included"
--- .. input.gms(88) 6 Mb
--- ... accounting_storageunits.csv(9) 6 Mb
--- .. input.gms(112) 6 Mb
--- ... accounting_transferlinks.csv(3) 6 Mb
--- .. input.gms(136) 6 Mb
--- ... accounting_transferperlength.csv(5) 6 Mb
--- .. input.gms(153) 6 Mb
--- ... accounting_sourcesinkflow.csv(8) 6 Mb
--- .. input.gms(169) 6 Mb
--- ... accounting_perindicator.csv(6) 6 Mb
--- .. input.gms(197) 6 Mb
--- ... accounting_indicatorbounds.csv(2) 6 Mb
"No bounds for indicator per links included"
--- .. input.gms(226) 6 Mb
--- ... aggregateAccountingMean.gms(58) 6 Mb
--- .. input.gms(227) 6 Mb
--- ... aggregateAccountingMean.gms(58) 6 Mb
--- .. input.gms(228) 6 Mb
--- ... aggregateAccountingMean.gms(58) 6 Mb
--- .. input.gms(229) 6 Mb
--- ... aggregateAccountingMean.gms(58) 6 Mb
--- .. input.gms(230) 6 Mb
--- ... aggregateAccountingMean.gms(58) 6 Mb
--- .. input.gms(231) 6 Mb
--- ... aggregateAccountingMean.gms(58) 6 Mb
--- .. input.gms(232) 6 Mb
--- ... aggregateAccountingMean.gms(58) 6 Mb
--- .. input.gms(602) 6 Mb
--- . remix.gms(23) 6 Mb
--- .. annuities.gms(70) 6 Mb
--- . remix.gms(25) 6 Mb
--- .. mga_pre.gms(5) 6 Mb
--- . remix.gms(26) 6 Mb
--- .. pareto_pre.gms(5) 6 Mb
--- . remix.gms(27) 6 Mb
--- .. declaration.gms(217) 6 Mb
--- . remix.gms(28) 6 Mb
--- .. loadgdx.gms(7) 6 Mb
--- . remix.gms(30) 6 Mb
--- .. converter.gms(103) 6 Mb
--- ... converter_capacityparam.csv(540) 7 Mb
--- .. converter.gms(113) 7 Mb
--- ... aggregateNodes.gms(10) 7 Mb
--- .. converter.gms(114) 7 Mb
--- ... aggregateNodes.gms(10) 7 Mb
--- .. converter.gms(137) 7 Mb
--- ... converter_techparam.csv(29) 7 Mb
--- .. converter.gms(161) 7 Mb
--- ... converter_activityprofile.csv(67) 20 Mb
"Converter activity profiles given. Warning: will overwrite activity limits for respective technologies"
--- .. converter.gms(184) 20 Mb
--- ... converter_coefficient.csv(113) 20 Mb
"No time-dependent coefficients for converter activities included"
--- .. converter.gms(1158) 20 Mb
--- . remix.gms(31) 20 Mb
--- .. storage.gms(91) 20 Mb
--- ... storage_reservoirparam.csv(78) 20 Mb
--- .. storage.gms(97) 20 Mb
--- ... aggregateNodes.gms(10) 20 Mb
--- .. storage.gms(98) 20 Mb
--- ... aggregateNodes.gms(10) 20 Mb
--- .. storage.gms(124) 20 Mb
--- ... storage_techparam.csv(5) 20 Mb
--- .. storage.gms(147) 20 Mb
--- ... storage_sizeparam.csv(5) 20 Mb
"No reservoir state of charge dependent information included"
"No reservoir degradation states included"
"No profile for storage level limits included"
--- .. storage.gms(1054) 20 Mb
--- . remix.gms(32) 20 Mb
Transfer: Using voltage angle-based DC optimal power flow
--- .. transfer.gms(73) 20 Mb
--- ... transfer_linksparam.csv(13) 20 Mb
"No profile for transfer flow limits included."
--- .. transfer.gms(113) 20 Mb
--- ... transfer_techparam.csv(2) 20 Mb
--- .. transfer.gms(129) 20 Mb
--- ... transfer_coefficient.csv(2) 20 Mb
--- .. transfer.gms(145) 20 Mb
--- ... transfer_coefperflow.csv(2) 20 Mb
--- .. transfer.gms(161) 20 Mb
--- ... transfer_coefperlength.csv(3) 20 Mb
"No electrical reactance per length included"
--- .. transfer.gms(193) 20 Mb
--- ... transfer_lengthparam.csv(25) 20 Mb
"No grid segments for links included"
--- .. transfer.gms(849) 20 Mb
--- . remix.gms(33) 20 Mb
--- .. sourcesink.gms(38) 20 Mb
--- ... sourcesink_config.csv(89) 20 Mb
--- .. sourcesink.gms(44) 21 Mb
--- ... aggregateNodes.gms(10) 21 Mb
--- .. sourcesink.gms(62) 21 Mb
--- ... sourcesink_profile.csv(45) 33 Mb
--- .. sourcesink.gms(86) 33 Mb
--- ... sourcesink_annualsum.csv(45) 33 Mb
--- .. sourcesink.gms(91) 33 Mb
--- ... aggregateNodes.gms(10) 33 Mb
--- .. sourcesink.gms(260) 33 Mb
--- . remix.gms(34) 33 Mb
--- .. balance.gms(139) 33 Mb
--- . remix.gms(36) 33 Mb
--- .. equations.gms(421) 33 Mb
--- . remix.gms(37) 33 Mb
--- .. optiframe.gms(25) 33 Mb
"Solving the REMix model"
--- . remix.gms(71) 33 Mb
--- .. checkanno.gms(252) 33 Mb
--- . remix.gms(74) 33 Mb
--- .. pips.gms(392) 33 Mb
--- . remix.gms(77) 33 Mb
--- .. solve.gms(269) 33 Mb
--- . remix.gms(80) 33 Mb
--- .. pareto.gms(202) 33 Mb
--- . remix.gms(83) 33 Mb
--- .. mga.gms(404) 33 Mb
--- . remix.gms(86) 33 Mb
--- .. iternodes.gms(129) 33 Mb
--- . remix.gms(89) 33 Mb
--- .. definition.gms(925) 33 Mb
--- . remix.gms(90) 33 Mb
--- .. writegdx.gms(83) 33 Mb
--- . remix.gms(90) 33 Mb
--- run_remix.gms(28) 33 Mb
--- Starting execution: elapsed 0:00:04.461
--- run_remix.gms(7260) 294 Mb
--- Generating MIP model remix
--- run_remix.gms(7352) 1131 Mb
--- LOOPS optiframeToCalc = of1
---   1,944,922 rows  1,945,022 columns  5,205,394 non-zeroes
--- Range statistics (absolute non-zero finite values)
--- RHS       [min, max] : [ 7.300E-02, 1.165E+03] - Zero values observed as well
--- Bound     [min, max] : [        NA,        NA] - Zero values observed as well
--- Matrix    [min, max] : [ 1.000E-02, 1.857E+02]
--- Executing CPLEX (Solvelink=0): elapsed 0:00:24.143

IBM ILOG CPLEX   40.4.0 d540b52e Oct 3, 2022           WEI x86 64bit/MS Window

--- GAMS/Cplex Link licensed for continuous and discrete problems.

Reading parameter(s) from "c:\Local\REMix\remix_nz\process\cplex.opt"
>>  rerun no
>>  lpmethod 4
>>  barorder 0
>>  preind 1
>>  scaind 0
>>  predual -1
>>  baralg 0
>>  barstartalg 1
>>  barepcomp 1e-6
>>  solutiontype 2
>>  startalg 4
>>  epgap 1e-3
>>  quality 1
>>  barcolnz 0
>>  threads 4
>>  parallelmode 1
Finished reading from "c:\Local\REMix\remix_nz\process\cplex.opt"

--- GMO setup time: 0.00s
--- Space for names approximately 262.70 Mb
--- Use option 'names no' to turn use of names off
--- GMO memory 683.67 Mb (peak 698.51 Mb)
--- Dictionary memory 0.00 Mb
--- Cplex 22.1.0.0 link memory 59.36 Mb (peak 420.58 Mb)
--- Starting Cplex

Version identifier: 22.1.0.0 | 2022-03-09 | 1a383f8ce
CPXPARAM_Advance                                 0
CPXPARAM_Preprocessing_Dual                      -1
CPXPARAM_LPMethod                                4
CPXPARAM_Threads                                 4
CPXPARAM_Parallel                                1
CPXPARAM_SolutionType                            2
CPXPARAM_MIP_Display                             4
CPXPARAM_MIP_Strategy_StartAlgorithm             4
CPXPARAM_MIP_Pool_Capacity                       0
CPXPARAM_TimeLimit                               604800
CPXPARAM_MIP_Tolerances_AbsMIPGap                0
CPXPARAM_MIP_Tolerances_MIPGap                   0.001
CPXPARAM_Barrier_ConvergeTol                     9.9999999999999995e-07
Tried aggregator 1 time.
LP Presolve eliminated 426563 rows and 426564 columns.
Aggregator did 509519 substitutions.
Reduced LP has 1008839 rows, 1008939 columns, and 3236757 nonzeros.
Presolve time = 6.28 sec. (6042.68 ticks)
Parallel mode: using up to 4 threads for barrier.

***NOTE: Found 100 dense columns.

Number of nonzeros in lower triangle of A*A' = 1516919
Using Approximate Minimum Degree ordering
Total time for automatic ordering = 0.45 sec. (203.48 ticks)
Summary statistics for Cholesky factor:
  Threads                   = 4
  Rows in Factor            = 1008939
  Integer space required    = 3544319
  Total non-zeros in factor = 11624402
  Total FP ops to factor    = 556840698
 Itn      Primal Obj        Dual Obj  Prim Inf Upper Inf  Dual Inf Inf Ratio
   0   2.9486344e+05  -1.2538042e+04  1.56e+06  1.59e+01  1.73e+06  1.00e+00
   1   2.2315631e+05  -1.4126278e+04  1.20e+06  1.23e+01  9.44e+05  1.75e+00
   2   2.0499888e+05  -1.3006418e+04  1.10e+06  1.13e+01  4.22e+05  3.29e+00
   3   1.3272549e+05  -1.1557921e+04  7.32e+05  7.51e+00  2.52e+05  4.64e+00
   4   5.9856085e+04  -7.6181097e+03  3.43e+05  3.52e+00  1.10e+05  8.63e+00
   5   3.7202592e+04  -2.7330685e+03  2.12e+05  2.17e+00  4.63e+04  1.70e+01
   6   2.3027426e+04  -1.1798710e+03  1.28e+05  1.32e+00  2.77e+04  2.64e+01
   7   1.5146046e+04  -2.0103347e+02  8.17e+04  8.38e-01  1.72e+04  4.09e+01
   8   1.1528208e+04   9.9805443e+01  6.02e+04  6.17e-01  1.39e+04  5.04e+01
   9   8.6675587e+03   3.3288189e+02  4.29e+04  4.40e-01  1.17e+04  6.09e+01
  10   7.2134155e+03   7.6174562e+02  3.38e+04  3.47e-01  8.29e+03  8.66e+01
  11   5.9326653e+03   9.7296070e+02  2.59e+04  2.65e-01  6.53e+03  1.11e+02
  12   5.3121570e+03   1.1491773e+03  2.21e+04  2.27e-01  4.94e+03  1.49e+02
  13   4.6151862e+03   1.2597434e+03  1.79e+04  1.83e-01  3.85e+03  1.94e+02
  14   4.1050744e+03   1.3341001e+03  1.48e+04  1.52e-01  3.16e+03  2.39e+02
  15   3.8253439e+03   1.3785179e+03  1.30e+04  1.33e-01  2.84e+03  2.68e+02
  16   3.5594137e+03   1.4403588e+03  1.13e+04  1.16e-01  2.44e+03  3.16e+02
  17   3.3315225e+03   1.4841089e+03  9.77e+03  1.00e-01  2.18e+03  3.56e+02
  18   3.2129172e+03   1.5129567e+03  8.98e+03  9.20e-02  2.02e+03  3.87e+02
  19   3.1324282e+03   1.5445262e+03  8.43e+03  8.65e-02  1.85e+03  4.25e+02
  20   2.9020565e+03   1.5869455e+03  6.88e+03  7.06e-02  1.62e+03  4.95e+02
  21   2.7890409e+03   1.6289222e+03  6.13e+03  6.29e-02  1.38e+03  5.89e+02
  22   2.6903238e+03   1.6423325e+03  5.49e+03  5.63e-02  1.29e+03  6.33e+02
  23   2.6347528e+03   1.6500334e+03  5.13e+03  5.26e-02  1.24e+03  6.61e+02
  24   2.5985675e+03   1.6564674e+03  4.89e+03  5.02e-02  1.20e+03  6.85e+02
  25   2.5850958e+03   1.6589606e+03  4.80e+03  4.92e-02  1.19e+03  6.94e+02
  26   2.5739041e+03   1.6601166e+03  4.73e+03  4.85e-02  1.18e+03  6.99e+02
  27   2.5001605e+03   1.6896917e+03  4.24e+03  4.34e-02  1.01e+03  8.28e+02
  28   2.4040217e+03   1.7088745e+03  3.61e+03  3.70e-02  8.90e+02  9.53e+02
  29   2.3429680e+03   1.7198855e+03  3.22e+03  3.30e-02  8.17e+02  1.05e+03
  30   2.2421838e+03   1.7438393e+03  2.57e+03  2.63e-02  6.58e+02  1.33e+03
  31   2.2056276e+03   1.7509160e+03  2.32e+03  2.38e-02  6.16e+02  1.43e+03
  32   2.1953770e+03   1.7584764e+03  2.26e+03  2.31e-02  5.71e+02  1.55e+03
  33   2.1505823e+03   1.7683916e+03  1.96e+03  2.01e-02  5.10e+02  1.76e+03
  34   2.1415044e+03   1.7739630e+03  1.90e+03  1.95e-02  4.77e+02  1.90e+03
  35   2.1375052e+03   1.7747530e+03  1.88e+03  1.92e-02  4.72e+02  1.92e+03
  36   2.0968424e+03   1.7793961e+03  1.61e+03  1.65e-02  4.45e+02  2.05e+03
  37   2.0767461e+03   1.7873496e+03  1.47e+03  1.50e-02  4.04e+02  2.29e+03
  38   2.0634933e+03   1.7914283e+03  1.38e+03  1.41e-02  3.81e+02  2.44e+03
  39   2.0426021e+03   1.7985706e+03  1.23e+03  1.27e-02  3.42e+02  2.75e+03
  40   2.0158445e+03   1.8063197e+03  1.05e+03  1.08e-02  3.01e+02  3.16e+03
  41   1.9930144e+03   1.8147219e+03  8.90e+02  9.12e-03  2.59e+02  3.74e+03
  42   1.9739908e+03   1.8175847e+03  7.57e+02  7.77e-03  2.45e+02  3.99e+03
  43   1.9620830e+03   1.8223280e+03  6.73e+02  6.90e-03  2.21e+02  4.47e+03
  44   1.9454413e+03   1.8277506e+03  5.57e+02  5.71e-03  1.94e+02  5.20e+03
  45   1.9374706e+03   1.8312963e+03  5.01e+02  5.13e-03  1.76e+02  5.79e+03
  46   1.9274416e+03   1.8358102e+03  4.31e+02  4.42e-03  1.52e+02  6.80e+03
  47   1.9269587e+03   1.8364179e+03  4.28e+02  4.39e-03  1.49e+02  6.96e+03
  48   1.9242116e+03   1.8370935e+03  4.09e+02  4.20e-03  1.45e+02  7.16e+03
  49   1.9195857e+03   1.8372402e+03  3.78e+02  3.88e-03  1.45e+02  7.21e+03
  50   1.9135155e+03   1.8390523e+03  3.36e+02  3.45e-03  1.35e+02  7.78e+03
  51   1.9031139e+03   1.8404998e+03  2.64e+02  2.70e-03  1.28e+02  8.30e+03
  52   1.8956986e+03   1.8439637e+03  2.11e+02  2.17e-03  1.10e+02  9.82e+03
  53   1.8930583e+03   1.8453496e+03  1.93e+02  1.98e-03  1.03e+02  1.06e+04
  54   1.8928144e+03   1.8463550e+03  1.91e+02  1.96e-03  9.76e+01  1.13e+04
  55   1.8858754e+03   1.8496440e+03  1.45e+02  1.49e-03  7.95e+01  1.43e+04
  56   1.8846803e+03   1.8501289e+03  1.38e+02  1.41e-03  7.67e+01  1.49e+04
  57   1.8812764e+03   1.8529314e+03  1.16e+02  1.19e-03  5.99e+01  1.98e+04
  58   1.8785644e+03   1.8538537e+03  9.99e+01  1.02e-03  5.36e+01  2.24e+04
  59   1.8767867e+03   1.8539402e+03  8.96e+01  9.19e-04  5.30e+01  2.27e+04
  60   1.8760142e+03   1.8543315e+03  8.49e+01  8.70e-04  5.05e+01  2.40e+04
  61   1.8751263e+03   1.8545150e+03  7.99e+01  8.19e-04  4.90e+01  2.47e+04
  62   1.8739469e+03   1.8549564e+03  7.29e+01  7.48e-04  4.60e+01  2.66e+04
  63   1.8727239e+03   1.8557666e+03  6.56e+01  6.73e-04  4.05e+01  3.07e+04
  64   1.8723272e+03   1.8561326e+03  6.33e+01  6.49e-04  3.79e+01  3.31e+04
  65   1.8709286e+03   1.8567811e+03  5.53e+01  5.67e-04  3.31e+01  3.85e+04
  66   1.8690685e+03   1.8569411e+03  4.50e+01  4.61e-04  3.19e+01  4.02e+04
  67   1.8684710e+03   1.8569790e+03  4.15e+01  4.26e-04  3.16e+01  4.06e+04
  68   1.8678705e+03   1.8572271e+03  3.80e+01  3.90e-04  2.98e+01  4.34e+04
  69   1.8673203e+03   1.8575856e+03  3.47e+01  3.56e-04  2.73e+01  4.79e+04
  70   1.8668826e+03   1.8577296e+03  3.22e+01  3.30e-04  2.63e+01  5.01e+04
  71   1.8666211e+03   1.8581828e+03  3.06e+01  3.14e-04  2.30e+01  5.83e+04
  72   1.8662596e+03   1.8583887e+03  2.86e+01  2.94e-04  2.14e+01  6.33e+04
  73   1.8660486e+03   1.8586354e+03  2.74e+01  2.81e-04  1.95e+01  7.01e+04
  74   1.8659121e+03   1.8587711e+03  2.67e+01  2.74e-04  1.84e+01  7.49e+04
  75   1.8651515e+03   1.8589974e+03  2.27e+01  2.32e-04  1.64e+01  8.49e+04
  76   1.8650587e+03   1.8590112e+03  2.22e+01  2.28e-04  1.62e+01  8.58e+04
  77   1.8648156e+03   1.8592815e+03  2.09e+01  2.14e-04  1.39e+01  1.02e+05
  78   1.8641233e+03   1.8594428e+03  1.74e+01  1.79e-04  1.23e+01  1.17e+05
  79   1.8638574e+03   1.8596259e+03  1.61e+01  1.65e-04  1.03e+01  1.42e+05
  80   1.8634977e+03   1.8596458e+03  1.44e+01  1.48e-04  1.01e+01  1.46e+05
  81   1.8633861e+03   1.8596849e+03  1.38e+01  1.42e-04  9.66e+00  1.53e+05
  82   1.8629076e+03   1.8597829e+03  1.15e+01  1.18e-04  8.53e+00  1.75e+05
  83   1.8627115e+03   1.8599071e+03  1.06e+01  1.08e-04  7.08e+00  2.15e+05
  84   1.8625973e+03   1.8599146e+03  1.01e+01  1.03e-04  6.93e+00  2.20e+05
  85   1.8624964e+03   1.8599294e+03  9.64e+00  9.88e-05  6.69e+00  2.28e+05
  86   1.8623515e+03   1.8599701e+03  8.96e+00  9.19e-05  6.16e+00  2.50e+05
  87   1.8619329e+03   1.8600254e+03  7.04e+00  7.21e-05  5.37e+00  2.90e+05
  88   1.8614405e+03   1.8600881e+03  4.75e+00  4.87e-05  4.51e+00  3.50e+05
  89   1.8614281e+03   1.8600971e+03  4.69e+00  4.81e-05  4.40e+00  3.60e+05
  90   1.8613961e+03   1.8601179e+03  4.54e+00  4.66e-05  4.11e+00  3.89e+05
  91   1.8612725e+03   1.8601315e+03  3.98e+00  4.08e-05  3.91e+00  4.10e+05
  92   1.8612201e+03   1.8601453e+03  3.74e+00  3.83e-05  3.71e+00  4.34e+05
  93   1.8609664e+03   1.8601620e+03  2.59e+00  2.65e-05  3.47e+00  4.69e+05
  94   1.8609127e+03   1.8601818e+03  2.34e+00  2.40e-05  3.19e+00  5.14e+05
  95   1.8609073e+03   1.8601839e+03  2.31e+00  2.37e-05  3.16e+00  5.20e+05
  96   1.8608713e+03   1.8601864e+03  2.15e+00  2.21e-05  3.12e+00  5.27e+05
  97   1.8608638e+03   1.8601910e+03  2.12e+00  2.17e-05  3.06e+00  5.38e+05
  98   1.8607643e+03   1.8602196e+03  1.66e+00  1.71e-05  2.64e+00  6.36e+05
  99   1.8607312e+03   1.8602297e+03  1.52e+00  1.56e-05  2.48e+00  6.83e+05
 100   1.8607305e+03   1.8602303e+03  1.51e+00  1.55e-05  2.47e+00  6.85e+05
 101   1.8605996e+03   1.8602421e+03  9.50e-01  9.74e-06  2.28e+00  7.51e+05
 102   1.8605464e+03   1.8602538e+03  7.17e-01  7.35e-06  2.09e+00  8.30e+05
 103   1.8605355e+03   1.8602636e+03  6.69e-01  6.86e-06  1.93e+00  9.08e+05
 104   1.8604972e+03   1.8602801e+03  5.17e-01  5.31e-06  1.62e+00  1.11e+06
 105   1.8604944e+03   1.8602814e+03  5.07e-01  5.20e-06  1.59e+00  1.13e+06
 106   1.8604828e+03   1.8602845e+03  4.68e-01  4.80e-06  1.51e+00  1.20e+06
 107   1.8604708e+03   1.8602889e+03  4.28e-01  4.39e-06  1.40e+00  1.31e+06
 108   1.8604640e+03   1.8602954e+03  4.07e-01  4.17e-06  1.20e+00  1.56e+06
 109   1.8604571e+03   1.8602969e+03  3.87e-01  3.97e-06  1.12e+00  1.68e+06
 110   1.8604342e+03   1.8602983e+03  3.25e-01  3.33e-06  1.03e+00  1.84e+06
 111   1.8603935e+03   1.8602989e+03  2.17e-01  2.22e-06  9.89e-01  1.93e+06
 112   1.8603873e+03   1.8602992e+03  1.99e-01  2.04e-06  9.69e-01  1.98e+06
 113   1.8603873e+03   1.8602993e+03  1.99e-01  2.04e-06  9.69e-01  1.98e+06
 114   1.8603812e+03   1.8603005e+03  1.80e-01  1.85e-06  9.21e-01  2.10e+06
 115   1.8603770e+03   1.8603012e+03  1.68e-01  1.73e-06  8.79e-01  2.21e+06
 116   1.8603636e+03   1.8603027e+03  1.34e-01  1.38e-06  7.50e-01  2.65e+06
 117   1.8603620e+03   1.8603025e+03  1.31e-01  1.35e-06  7.41e-01  2.68e+06
 118   1.8603581e+03   1.8603028e+03  1.21e-01  1.24e-06  7.14e-01  2.80e+06
 119   1.8603422e+03   1.8603027e+03  8.67e-02  8.89e-07  5.54e-01  3.74e+06
 120   1.8603389e+03   1.8603005e+03  8.08e-02  8.29e-07  4.22e-01  5.11e+06
 121   1.8603367e+03   1.8603001e+03  7.74e-02  7.94e-07  4.11e-01  5.25e+06
 122   1.8603214e+03   1.8602977e+03  5.46e-02  5.60e-07  3.46e-01  6.37e+06
 123   1.8603201e+03   1.8602974e+03  5.26e-02  5.39e-07  3.37e-01  6.56e+06
 124   1.8603187e+03   1.8602973e+03  5.07e-02  5.20e-07  3.35e-01  6.61e+06
 125   1.8603135e+03   1.8602938e+03  4.32e-02  4.42e-07  2.49e-01  9.22e+06
 126   1.8602925e+03   1.8602901e+03  1.72e-02  1.77e-07  1.89e-01  1.25e+07
 127   1.8602891e+03   1.8602880e+03  1.31e-02  1.34e-07  1.54e-01  1.58e+07
 128   1.8602882e+03   1.8602830e+03  1.21e-02  1.24e-07  8.65e-02  3.08e+07
 129   1.8602811e+03   1.8602804e+03  6.56e-03  6.69e-08  6.36e-02  4.29e+07
 130   1.8602779e+03   1.8602788e+03  4.02e-03  4.07e-08  5.03e-02  5.55e+07
 131   1.8602762e+03   1.8602755e+03  2.89e-03  2.92e-08  2.57e-02  1.13e+08
Barrier time = 78.45 sec. (75300.42 ticks)

Total time on 4 threads = 78.45 sec. (75300.42 ticks)

--- LP status (1): optimal.
--- Cplex Time: 78.45sec (det. 75305.99 ticks)


Optimal solution found
Objective:         1860.276243

Solution Quality Statistics:
                                   unscaled                scaled
                               max         sum         max         sum
primal infeasibility        1.382e-05   8.916e-04   1.382e-05   8.916e-04
dual infeasibility          1.377e-08   6.643e-04   1.377e-08   6.643e-04
primal residual             9.422e-14   4.387e-11   9.422e-14   4.387e-11
dual residual               1.488e-08   1.358e-02   1.488e-08   1.358e-02
primal solution vector      1.860e+03   1.139e+06   1.860e+03   1.139e+06
dual solution vector        1.857e+02   5.182e+04   1.857e+02   5.182e+04
slacks                      1.156e+03   8.024e+05   1.156e+03   8.024e+05
reduced costs               1.857e+02   3.071e+05   1.857e+02   3.071e+05
comp. slackness viol.       7.864e-06   1.144e-02


--- Restarting execution
--- run_remix.gms(7352) 540 Mb
--- Reading solution for model remix
--- run_remix.gms(7352) 747 Mb
--- Executing after solve: elapsed 0:01:49.400
--- run_remix.gms(7260) 748 Mb
    Model status 1
    Objective value 1860.276
--- run_remix.gms(8183) 1063 Mb
--- GDX File (execute_unload) C:\Local\REMix\remix_nz\output\high_pop_out_base_2050\result\high_pop_out_base_2050re.gdx
--- Putfile opt c:\Local\REMix\remix_nz\process\cplex.opt
*** Status: Normal completion
--- Job run_remix.gms Stop 10/05/23 14:11:12 elapsed 0:02:02.177
